<?xml version="1.0" encoding="UTF-8"?>
<testng-results ignored="0" total="2" passed="2" failed="0" skipped="0">
  <reporter-output>
  </reporter-output>
  <suite started-at="2023-09-02T22:11:34 IST" name="Suite" finished-at="2023-09-02T22:11:34 IST" duration-ms="86">
    <groups>
    </groups>
    <test started-at="2023-09-02T22:11:34 IST" name="Test" finished-at="2023-09-02T22:11:34 IST" duration-ms="86">
      <class name="com.testNG.Parameter123">
        <test-method signature="credential(java.lang.String,java.lang.String)[pri:0, instance:com.testNG.Parameter123@59505b48]" started-at="2023-09-02T22:11:34 IST" name="credential" finished-at="2023-09-02T22:11:34 IST" duration-ms="11" status="PASS">
          <params>
            <param index="0">
              <value>
                <![CDATA[ghi]]>
              </value>
            </param>
            <param index="1">
              <value>
                <![CDATA[789]]>
              </value>
            </param>
          </params>
          <reporter-output>
          </reporter-output>
        </test-method> <!-- credential -->
      </class> <!-- com.testNG.Parameter123 -->
      <class name="com.testNG.Parameter">
        <test-method signature="credentials(java.lang.String,java.lang.String)[pri:0, instance:com.testNG.Parameter@5a45133e]" started-at="2023-09-02T22:11:34 IST" name="credentials" finished-at="2023-09-02T22:11:34 IST" duration-ms="4" status="PASS">
          <params>
            <param index="0">
              <value>
                <![CDATA[def]]>
              </value>
            </param>
            <param index="1">
              <value>
                <![CDATA[789]]>
              </value>
            </param>
          </params>
          <reporter-output>
          </reporter-output>
        </test-method> <!-- credentials -->
      </class> <!-- com.testNG.Parameter -->
    </test> <!-- Test -->
  </suite> <!-- Suite -->
</testng-results>
